  Main.cpp
C:\Users\SlugO\Development\SFML_Getting_Started\LearnSFML\Main.cpp(12,21): warning C4244: 'initializing': conversion from 'double' to 'float', possible loss of data
C:\Users\SlugO\Development\SFML_Getting_Started\LearnSFML\Main.cpp(14,22): warning C4244: 'initializing': conversion from 'double' to 'float', possible loss of data
C:\Users\SlugO\Development\SFML_Getting_Started\LearnSFML\Main.cpp(18,54): warning C4244: 'argument': conversion from 'float' to 'unsigned int', possible loss of data
C:\Users\SlugO\Development\SFML_Getting_Started\LearnSFML\Main.cpp(18,40): warning C4244: 'argument': conversion from 'float' to 'unsigned int', possible loss of data
C:\Users\SlugO\Development\SFML_Getting_Started\LearnSFML\Main.cpp(72,18): warning C4244: 'initializing': conversion from 'const T' to 'int', possible loss of data
          with
          [
              T=float
          ]
C:\Users\SlugO\Development\SFML_Getting_Started\LearnSFML\Main.cpp(73,21): warning C4244: 'initializing': conversion from 'T' to 'int', possible loss of data
          with
          [
              T=float
          ]
C:\Users\SlugO\Development\SFML_Getting_Started\LearnSFML\Main.cpp(89,14): warning C4244: 'initializing': conversion from 'const T' to 'int', possible loss of data
          with
          [
              T=float
          ]
C:\Users\SlugO\Development\SFML_Getting_Started\LearnSFML\Main.cpp(90,14): warning C4244: 'initializing': conversion from 'const T' to 'int', possible loss of data
          with
          [
              T=float
          ]
  Generating code
  0 of 128 functions ( 0.0%) were compiled, the rest were copied from previous compilation.
    0 functions were new in current compilation
    0 functions had inline decision re-evaluated but remain unchanged
  Finished generating code
  LearnSFML.vcxproj -> C:\Users\SlugO\Development\SFML_Getting_Started\LearnSFML\Release\LearnSFML.exe
